Arguments: 
  /usr/local/bin/node /opt/yarn-v1.22.19/bin/yarn.js install

PATH: 
  /project/home/pitcher-host/.local/state/fnm_multishells/1109_1700554815314/bin:/usr/share/fnm:/usr/local/sbin:/usr/local/bin:/usr/sbin:/usr/bin:/sbin:/bin

Yarn version: 
  1.22.19

Node version: 
  16.17.0

Platform: 
  linux x64

Trace: 
  Error: https://registry.yarnpkg.com/@prettier: Request "https://registry.yarnpkg.com/@prettier" returned a 405
      at Request.params.callback [as _callback] (/opt/yarn-v1.22.19/lib/cli.js:66154:18)
      at Request.self.callback (/opt/yarn-v1.22.19/lib/cli.js:140890:22)
      at Request.emit (node:events:513:28)
      at Request.<anonymous> (/opt/yarn-v1.22.19/lib/cli.js:141862:10)
      at Request.emit (node:events:513:28)
      at IncomingMessage.<anonymous> (/opt/yarn-v1.22.19/lib/cli.js:141784:12)
      at Object.onceWrapper (node:events:627:28)
      at IncomingMessage.emit (node:events:525:35)
      at endReadableNT (node:internal/streams/readable:1358:12)
      at processTicksAndRejections (node:internal/process/task_queues:83:21)

npm manifest: 
  {
    "name": "portfolio",
    "version": "1.0.0",
    "description": "Portfolio application",
    "keywords": [],
    "main": "src/index.js",
    "dependencies": {
      "loader-utils": "3.2.1",
      "prop-types": "15.8.1",
      "react": "18.2.0",
      "react-dom": "18.2.0",
      "react-scripts": "5.0.1",
      "styled-components": "5.1.0"
    },
    "devDependencies": {
      "@babel/runtime": "7.13.8",
      "@prettier": "3.1.0",
      "typescript": "4.1.3"
    },
    "scripts": {
      "start": "react-scripts start && format",
      "build": "react-scripts build",
      "test": "react-scripts test --env=jsdom",
      "format": "prettier . --write",
      "eject": "react-scripts eject"
    },
    "browserslist": [
      ">0.2%",
      "not dead",
      "not ie <= 11",
      "not op_mini all"
    ]
  }

yarn manifest: 
  No manifest

Lockfile: 
  No lockfile
